Using pre-set license
Built from '2020.3/release' branch; Version is '2020.3.7f1 (dd97f2c94397) revision 14522354'; Using compiler version '192528614'; Build Type 'Release'
OS: 'Windows 10 Pro; OS build 18362.1256; Version 1903; 64bit' Language: 'es' Physical Memory: 8124 MB
BatchMode: 1, IsHumanControllingUs: 0, StartBugReporterOnCrash: 0, Is64bit: 1, IsPro: 0

 COMMAND LINE ARGUMENTS:
D:\UnityEditors\2020.3.7f1\Editor\Unity.exe
-adb2
-batchMode
-noUpm
-name
AssetImportWorker0
-projectPath
D:/GitHub projects/GetaClubTest
-logFile
Logs/AssetImportWorker0.log
-srvPort
50367
Successfully changed project path to: D:/GitHub projects/GetaClubTest
D:/GitHub projects/GetaClubTest
Using Asset Import Pipeline V2.
Refreshing native plugins compatible for Editor in 85.39 ms, found 0 plugins.
Preloading 0 native plugins for Editor in 0.00 ms.
Initialize engine version: 2020.3.7f1 (dd97f2c94397)
[Subsystems] Discovering subsystems at path D:/UnityEditors/2020.3.7f1/Editor/Data/Resources/UnitySubsystems
[Subsystems] Discovering subsystems at path D:/GitHub projects/GetaClubTest/Assets
GfxDevice: creating device client; threaded=0
Direct3D:
    Version:  Direct3D 11.0 [level 11.1]
    Renderer: NVIDIA GeForce GTX 1060 (ID=0x1c60)
    Vendor:   
    VRAM:     6052 MB
    Driver:   27.21.14.6627
Initialize mono
Mono path[0] = 'D:/UnityEditors/2020.3.7f1/Editor/Data/Managed'
Mono path[1] = 'D:/UnityEditors/2020.3.7f1/Editor/Data/MonoBleedingEdge/lib/mono/unityjit'
Mono config path = 'D:/UnityEditors/2020.3.7f1/Editor/Data/MonoBleedingEdge/etc'
Using monoOptions --debugger-agent=transport=dt_socket,embedding=1,server=y,suspend=n,address=127.0.0.1:56860
Begin MonoManager ReloadAssembly
Registering precompiled unity dll's ...
Register platform support module: D:/UnityEditors/2020.3.7f1/Editor/Data/PlaybackEngines/WebGLSupport/UnityEditor.WebGL.Extensions.dll
Register platform support module: D:/UnityEditors/2020.3.7f1/Editor/Data/PlaybackEngines/WindowsStandaloneSupport/UnityEditor.WindowsStandalone.Extensions.dll
Registered in 0.002145 seconds.
Native extension for WindowsStandalone target not found
Native extension for WebGL target not found
Refreshing native plugins compatible for Editor in 56.45 ms, found 0 plugins.
Preloading 0 native plugins for Editor in 0.00 ms.
Mono: successfully reloaded assembly
- Completed reload, in  1.356 seconds
Platform modules already initialized, skipping
Registering precompiled user dll's ...
Registered in 0.002226 seconds.
Begin MonoManager ReloadAssembly
Native extension for WindowsStandalone target not found
Native extension for WebGL target not found
Refreshing native plugins compatible for Editor in 0.90 ms, found 0 plugins.
Preloading 0 native plugins for Editor in 0.00 ms.
Mono: successfully reloaded assembly
- Completed reload, in  1.281 seconds
Platform modules already initialized, skipping
========================================================================
Worker process is ready to serve import requests
Launched and connected shader compiler UnityShaderCompiler.exe after 0.09 seconds
Refreshing native plugins compatible for Editor in 1.40 ms, found 0 plugins.
Preloading 0 native plugins for Editor in 0.00 ms.
Unloading 1838 Unused Serialized files (Serialized files now loaded: 0)
System memory in use before: 84.5 MB.
System memory in use after: 84.6 MB.

Unloading 49 unused Assets to reduce memory usage. Loaded Objects now: 2255.
Total: 9.301400 ms (FindLiveObjects: 0.371500 ms CreateObjectMapping: 0.138200 ms MarkObjects: 8.633900 ms  DeleteObjects: 0.154300 ms)

========================================================================
Received Import Request.
  path: Assets/Character Selector/Scripts/Scroll.cs
  artifactKey: Guid(4538d04e132b9fa45a7fcf7ad4963984) Importer(815301076,1909f56bfc062723c751e8b465ee728b)
Start importing Assets/Character Selector/Scripts/Scroll.cs using Guid(4538d04e132b9fa45a7fcf7ad4963984) Importer(815301076,1909f56bfc062723c751e8b465ee728b)  -> (artifact id: '9b3d93215fbc0c5b3cb7d1b9b6ad1757') in 0.095221 seconds
  Import took 0.101783 seconds .

========================================================================
Received Import Request.
  Time since last request: 9.990002 seconds.
  path: Assets/Character Selector/Scripts/CharacterSelector.cs
  artifactKey: Guid(4538d04e132b9fa45a7fcf7ad4963984) Importer(815301076,1909f56bfc062723c751e8b465ee728b)
Start importing Assets/Character Selector/Scripts/CharacterSelector.cs using Guid(4538d04e132b9fa45a7fcf7ad4963984) Importer(815301076,1909f56bfc062723c751e8b465ee728b)  -> (artifact id: '3d14bebd501a51c3d968cf6a7c32312f') in 0.009651 seconds
  Import took 0.015788 seconds .

========================================================================
Received Prepare
Registering precompiled user dll's ...
Registered in 0.002944 seconds.
Begin MonoManager ReloadAssembly
Native extension for WindowsStandalone target not found
Native extension for WebGL target not found
Refreshing native plugins compatible for Editor in 1.20 ms, found 0 plugins.
Preloading 0 native plugins for Editor in 0.00 ms.
Mono: successfully reloaded assembly
- Completed reload, in  1.835 seconds
Platform modules already initialized, skipping
Refreshing native plugins compatible for Editor in 1.15 ms, found 0 plugins.
Preloading 0 native plugins for Editor in 0.00 ms.
Unloading 1792 Unused Serialized files (Serialized files now loaded: 0)
System memory in use before: 80.4 MB.
System memory in use after: 80.5 MB.

Unloading 40 unused Assets to reduce memory usage. Loaded Objects now: 2258.
Total: 10.560500 ms (FindLiveObjects: 0.691700 ms CreateObjectMapping: 0.246100 ms MarkObjects: 9.546600 ms  DeleteObjects: 0.072200 ms)

========================================================================
Received Import Request.
  Time since last request: 19.142000 seconds.
  path: Assets/Character Selector/Scripts/CharacterSelector.cs
  artifactKey: Guid(4538d04e132b9fa45a7fcf7ad4963984) Importer(815301076,1909f56bfc062723c751e8b465ee728b)
Start importing Assets/Character Selector/Scripts/CharacterSelector.cs using Guid(4538d04e132b9fa45a7fcf7ad4963984) Importer(815301076,1909f56bfc062723c751e8b465ee728b)  -> (artifact id: 'e22f9091f1246e4cdd645bfd4b4cc17b') in 0.008925 seconds
  Import took 0.015070 seconds .

========================================================================
Received Prepare
Registering precompiled user dll's ...
Registered in 0.001843 seconds.
Begin MonoManager ReloadAssembly
Native extension for WindowsStandalone target not found
Native extension for WebGL target not found
Refreshing native plugins compatible for Editor in 0.75 ms, found 0 plugins.
Preloading 0 native plugins for Editor in 0.00 ms.
Mono: successfully reloaded assembly
- Completed reload, in  1.320 seconds
Platform modules already initialized, skipping
Refreshing native plugins compatible for Editor in 1.45 ms, found 0 plugins.
Preloading 0 native plugins for Editor in 0.00 ms.
Unloading 1792 Unused Serialized files (Serialized files now loaded: 0)
System memory in use before: 80.4 MB.
System memory in use after: 80.6 MB.

Unloading 40 unused Assets to reduce memory usage. Loaded Objects now: 2261.
Total: 10.589900 ms (FindLiveObjects: 0.516000 ms CreateObjectMapping: 0.263000 ms MarkObjects: 9.768200 ms  DeleteObjects: 0.039000 ms)

